<?xml version="1.0" encoding="UTF-8"?>
<!-- Generated by org.testng.reporters.JUnitReportReporter -->
<testsuite hostname="Testing003-PC" name="com.Tests.HomePage_Test" tests="4" failures="0" timestamp="23 Mar 2017 06:10:51 GMT" time="6.352" errors="0">
  <testcase name="HP_Verify_UI" time="0.131" classname="com.Tests.HomePage_Test"/>
  <testcase name="HP_04_Verify_StaffLoginPage" time="4.546" classname="com.Tests.HomePage_Test"/>
  <testcase name="HP_01_Verify_HomePage" time="1.646" classname="com.Tests.HomePage_Test"/>
  <testcase name="HP_03_Verify_Click_here_to_login_button" time="0.029" classname="com.Tests.HomePage_Test"/>
</testsuite> <!-- com.Tests.HomePage_Test -->
