<?xml version="1.0" encoding="UTF-8"?>
<!-- Generated by org.testng.reporters.JUnitReportReporter -->
<testsuite hostname="Testing003-PC" name="com.Tests.New_Client_Registration_Test" tests="1" failures="0" timestamp="23 Mar 2017 04:53:59 GMT" time="5.464" errors="0">
  <testcase name="NCR_01_Verify_Client_Menu_Options" time="5.464" classname="com.Tests.New_Client_Registration_Test"/>
</testsuite> <!-- com.Tests.New_Client_Registration_Test -->
